  [1m[35m (0.3ms)[0m  [1m[35mCREATE TABLE "schema_migrations" ("version" varchar NOT NULL PRIMARY KEY) /*application='Snapvault'*/[0m
  [1m[35m (0.1ms)[0m  [1m[35mCREATE TABLE "ar_internal_metadata" ("key" varchar NOT NULL PRIMARY KEY, "value" varchar, "created_at" datetime(6) NOT NULL, "updated_at" datetime(6) NOT NULL) /*application='Snapvault'*/[0m
  [1m[36mActiveRecord::InternalMetadata Load (0.1ms)[0m  [1m[34mSELECT * FROM "ar_internal_metadata" WHERE "ar_internal_metadata"."key" = 'environment' ORDER BY "ar_internal_metadata"."key" ASC LIMIT 1 /*application='Snapvault'*/[0m
  [1m[36mActiveRecord::InternalMetadata Create (0.1ms)[0m  [1m[32mINSERT INTO "ar_internal_metadata" ("key", "value", "created_at", "updated_at") VALUES ('environment', 'development', '2025-06-19 09:08:54.121989', '2025-06-19 09:08:54.121991') RETURNING "key" /*application='Snapvault'*/[0m
  [1m[36mActiveRecord::SchemaMigration Load (0.0ms)[0m  [1m[34mSELECT "schema_migrations"."version" FROM "schema_migrations" ORDER BY "schema_migrations"."version" ASC /*application='Snapvault'*/[0m
Migrating to CreateUsers (20250619090831)
  [1m[36mTRANSACTION (0.0ms)[0m  [1m[35mBEGIN immediate TRANSACTION /*application='Snapvault'*/[0m
  [1m[35m (0.5ms)[0m  [1m[35mCREATE TABLE "users" ("id" integer PRIMARY KEY AUTOINCREMENT NOT NULL, "email" varchar, "password_digest" varchar, "name" varchar, "created_at" datetime(6) NOT NULL, "updated_at" datetime(6) NOT NULL) /*application='Snapvault'*/[0m
  [1m[35m (0.1ms)[0m  [1m[35mCREATE UNIQUE INDEX "index_users_on_email" ON "users" ("email") /*application='Snapvault'*/[0m
  [1m[36mActiveRecord::SchemaMigration Create (0.0ms)[0m  [1m[32mINSERT INTO "schema_migrations" ("version") VALUES ('20250619090831') RETURNING "version" /*application='Snapvault'*/[0m
  [1m[36mTRANSACTION (0.1ms)[0m  [1m[35mCOMMIT TRANSACTION /*application='Snapvault'*/[0m
Migrating to CreateActiveStorageTables (20250619090838)
  [1m[36mTRANSACTION (0.0ms)[0m  [1m[35mBEGIN immediate TRANSACTION /*application='Snapvault'*/[0m
  [1m[35m (0.4ms)[0m  [1m[35mCREATE TABLE "active_storage_blobs" ("id" integer PRIMARY KEY AUTOINCREMENT NOT NULL, "key" varchar NOT NULL, "filename" varchar NOT NULL, "content_type" varchar, "metadata" text, "service_name" varchar NOT NULL, "byte_size" bigint NOT NULL, "checksum" varchar, "created_at" datetime(6) NOT NULL) /*application='Snapvault'*/[0m
  [1m[35m (0.0ms)[0m  [1m[35mCREATE UNIQUE INDEX "index_active_storage_blobs_on_key" ON "active_storage_blobs" ("key") /*application='Snapvault'*/[0m
  [1m[35m (0.0ms)[0m  [1m[35mCREATE TABLE "active_storage_attachments" ("id" integer PRIMARY KEY AUTOINCREMENT NOT NULL, "name" varchar NOT NULL, "record_type" varchar NOT NULL, "record_id" bigint NOT NULL, "blob_id" bigint NOT NULL, "created_at" datetime(6) NOT NULL, CONSTRAINT "fk_rails_c3b3935057"
FOREIGN KEY ("blob_id")
  REFERENCES "active_storage_blobs" ("id")
) /*application='Snapvault'*/[0m
  [1m[35m (0.0ms)[0m  [1m[35mCREATE INDEX "index_active_storage_attachments_on_blob_id" ON "active_storage_attachments" ("blob_id") /*application='Snapvault'*/[0m
  [1m[35m (0.0ms)[0m  [1m[35mCREATE UNIQUE INDEX "index_active_storage_attachments_uniqueness" ON "active_storage_attachments" ("record_type", "record_id", "name", "blob_id") /*application='Snapvault'*/[0m
  [1m[35m (0.0ms)[0m  [1m[35mCREATE TABLE "active_storage_variant_records" ("id" integer PRIMARY KEY AUTOINCREMENT NOT NULL, "blob_id" bigint NOT NULL, "variation_digest" varchar NOT NULL, CONSTRAINT "fk_rails_993965df05"
FOREIGN KEY ("blob_id")
  REFERENCES "active_storage_blobs" ("id")
) /*application='Snapvault'*/[0m
  [1m[35m (0.1ms)[0m  [1m[35mCREATE UNIQUE INDEX "index_active_storage_variant_records_uniqueness" ON "active_storage_variant_records" ("blob_id", "variation_digest") /*application='Snapvault'*/[0m
  [1m[36mActiveRecord::SchemaMigration Create (0.0ms)[0m  [1m[32mINSERT INTO "schema_migrations" ("version") VALUES ('20250619090838') RETURNING "version" /*application='Snapvault'*/[0m
  [1m[36mTRANSACTION (0.1ms)[0m  [1m[35mCOMMIT TRANSACTION /*application='Snapvault'*/[0m
Migrating to CreateUserFiles (20250619090845)
  [1m[36mTRANSACTION (0.0ms)[0m  [1m[35mBEGIN immediate TRANSACTION /*application='Snapvault'*/[0m
  [1m[35m (0.4ms)[0m  [1m[35mCREATE TABLE "user_files" ("id" integer PRIMARY KEY AUTOINCREMENT NOT NULL, "user_id" integer NOT NULL, "filename" varchar, "content_type" varchar, "file_size" integer, "uploaded_at" datetime(6), "created_at" datetime(6) NOT NULL, "updated_at" datetime(6) NOT NULL, CONSTRAINT "fk_rails_43d7c1bb88"
FOREIGN KEY ("user_id")
  REFERENCES "users" ("id")
) /*application='Snapvault'*/[0m
  [1m[35m (0.0ms)[0m  [1m[35mCREATE INDEX "index_user_files_on_user_id" ON "user_files" ("user_id") /*application='Snapvault'*/[0m
  [1m[36mActiveRecord::SchemaMigration Create (0.0ms)[0m  [1m[32mINSERT INTO "schema_migrations" ("version") VALUES ('20250619090845') RETURNING "version" /*application='Snapvault'*/[0m
  [1m[36mTRANSACTION (0.1ms)[0m  [1m[35mCOMMIT TRANSACTION /*application='Snapvault'*/[0m
  [1m[36mActiveRecord::SchemaMigration Load (0.0ms)[0m  [1m[34mSELECT "schema_migrations"."version" FROM "schema_migrations" ORDER BY "schema_migrations"."version" ASC /*application='Snapvault'*/[0m
Started GET "/" for 127.0.0.1 at 2025-06-19 10:15:14 +0100
  [1m[36mActiveRecord::SchemaMigration Load (0.1ms)[0m  [1m[34mSELECT "schema_migrations"."version" FROM "schema_migrations" ORDER BY "schema_migrations"."version" ASC /*application='Snapvault'*/[0m
Processing by HomeController#index as HTML
Completed 200 OK in 8ms (Views: 0.1ms | ActiveRecord: 0.0ms (0 queries, 0 cached) | GC: 0.3ms)


Started GET "/favicon.ico" for 127.0.0.1 at 2025-06-19 10:15:14 +0100
  
ActionController::RoutingError (No route matches [GET] "/favicon.ico"):
  
Started GET "/" for ::1 at 2025-06-19 10:15:32 +0100
Processing by HomeController#index as HTML
Completed 200 OK in 0ms (Views: 0.0ms | ActiveRecord: 0.0ms (0 queries, 0 cached) | GC: 0.0ms)


Started GET "/favicon.ico" for ::1 at 2025-06-19 10:15:32 +0100
  
ActionController::RoutingError (No route matches [GET] "/favicon.ico"):
  
Started GET "/.well-known/appspecific/com.chrome.devtools.json" for ::1 at 2025-06-19 10:15:34 +0100
  
ActionController::RoutingError (No route matches [GET] "/.well-known/appspecific/com.chrome.devtools.json"):
  
Started GET "/" for ::1 at 2025-06-19 10:15:35 +0100
Processing by HomeController#index as HTML
Completed 200 OK in 0ms (Views: 0.1ms | ActiveRecord: 0.0ms (0 queries, 0 cached) | GC: 0.0ms)


Started GET "/.well-known/appspecific/com.chrome.devtools.json" for ::1 at 2025-06-19 10:15:35 +0100
  
ActionController::RoutingError (No route matches [GET] "/.well-known/appspecific/com.chrome.devtools.json"):
  
Started GET "/" for ::1 at 2025-06-19 10:16:44 +0100
Processing by HomeController#index as HTML
Completed 200 OK in 0ms (Views: 0.1ms | ActiveRecord: 0.0ms (0 queries, 0 cached) | GC: 0.0ms)


Started GET "/.well-known/appspecific/com.chrome.devtools.json" for ::1 at 2025-06-19 10:16:44 +0100
  
ActionController::RoutingError (No route matches [GET] "/.well-known/appspecific/com.chrome.devtools.json"):
  
Started GET "/health" for ::1 at 2025-06-19 10:17:40 +0100
Processing by HealthController#show as HTML
  [1m[36mActiveStorage::Blob Count (1.3ms)[0m  [1m[34mSELECT COUNT(*) FROM "active_storage_blobs" /*action='show',application='Snapvault',controller='health'*/[0m
  ↳ app/controllers/health_controller.rb:38:in `storage_status'
Completed 200 OK in 46ms (Views: 0.2ms | ActiveRecord: 2.1ms (1 query, 0 cached) | GC: 6.9ms)


Started GET "/.well-known/appspecific/com.chrome.devtools.json" for ::1 at 2025-06-19 10:17:40 +0100
  
ActionController::RoutingError (No route matches [GET] "/.well-known/appspecific/com.chrome.devtools.json"):
  
Started GET "/" for ::1 at 2025-06-19 10:17:51 +0100
Processing by HomeController#index as HTML
Completed 200 OK in 0ms (Views: 0.1ms | ActiveRecord: 0.0ms (0 queries, 0 cached) | GC: 0.0ms)


Started GET "/.well-known/appspecific/com.chrome.devtools.json" for ::1 at 2025-06-19 10:17:51 +0100
  
ActionController::RoutingError (No route matches [GET] "/.well-known/appspecific/com.chrome.devtools.json"):
  
Started GET "/auth/login" for ::1 at 2025-06-19 10:18:30 +0100
  
ActionController::RoutingError (No route matches [GET] "/auth/login"):
  
Started GET "/.well-known/appspecific/com.chrome.devtools.json" for ::1 at 2025-06-19 10:18:30 +0100
  
ActionController::RoutingError (No route matches [GET] "/.well-known/appspecific/com.chrome.devtools.json"):
  
Started GET "/login" for ::1 at 2025-06-19 10:18:36 +0100
  
ActionController::RoutingError (No route matches [GET] "/login"):
  
Started GET "/.well-known/appspecific/com.chrome.devtools.json" for ::1 at 2025-06-19 10:18:36 +0100
  
ActionController::RoutingError (No route matches [GET] "/.well-known/appspecific/com.chrome.devtools.json"):
  
Started GET "/rails/info/routes?query=log" for ::1 at 2025-06-19 10:18:58 +0100
Processing by Rails::InfoController#routes as */*
  Parameters: {"query"=>"log"}
Completed 200 OK in 6ms (Views: 0.2ms | ActiveRecord: 0.0ms (0 queries, 0 cached) | GC: 0.0ms)


Started GET "/rails/info/routes?query=log" for ::1 at 2025-06-19 10:18:58 +0100
Processing by Rails::InfoController#routes as */*
  Parameters: {"query"=>"log"}
Completed 200 OK in 7ms (Views: 0.1ms | ActiveRecord: 0.0ms (0 queries, 0 cached) | GC: 5.4ms)


Started GET "/rails/info/routes?query=login" for ::1 at 2025-06-19 10:19:00 +0100
Processing by Rails::InfoController#routes as */*
  Parameters: {"query"=>"login"}
Completed 200 OK in 3ms (Views: 0.1ms | ActiveRecord: 0.0ms (0 queries, 0 cached) | GC: 0.6ms)


Started GET "/index.html" for ::1 at 2025-06-19 10:19:25 +0100
  
ActionController::RoutingError (No route matches [GET] "/index.html"):
  
Started GET "/.well-known/appspecific/com.chrome.devtools.json" for ::1 at 2025-06-19 10:19:25 +0100
  
ActionController::RoutingError (No route matches [GET] "/.well-known/appspecific/com.chrome.devtools.json"):
  
Started GET "/rails/info/routes?query=index" for ::1 at 2025-06-19 10:19:29 +0100
Processing by Rails::InfoController#routes as */*
  Parameters: {"query"=>"index"}
Completed 200 OK in 3ms (Views: 0.1ms | ActiveRecord: 0.0ms (0 queries, 0 cached) | GC: 0.4ms)


Started GET "/rails/info/routes?query=index" for ::1 at 2025-06-19 10:19:29 +0100
Processing by Rails::InfoController#routes as */*
  Parameters: {"query"=>"index"}
Completed 200 OK in 2ms (Views: 0.1ms | ActiveRecord: 0.0ms (0 queries, 0 cached) | GC: 0.2ms)


Started GET "/" for ::1 at 2025-06-19 10:19:40 +0100
Processing by HomeController#index as HTML
Completed 200 OK in 0ms (Views: 0.1ms | ActiveRecord: 0.0ms (0 queries, 0 cached) | GC: 0.0ms)


Started GET "/.well-known/appspecific/com.chrome.devtools.json" for ::1 at 2025-06-19 10:19:40 +0100
  
ActionController::RoutingError (No route matches [GET] "/.well-known/appspecific/com.chrome.devtools.json"):
  
Started GET "/health" for ::1 at 2025-06-19 10:25:43 +0100
Processing by HealthController#show as */*
  [1m[36mActiveStorage::Blob Count (0.7ms)[0m  [1m[34mSELECT COUNT(*) FROM "active_storage_blobs" /*action='show',application='Snapvault',controller='health'*/[0m
  ↳ app/controllers/health_controller.rb:38:in `storage_status'
Completed 200 OK in 1ms (Views: 0.1ms | ActiveRecord: 0.6ms (1 query, 0 cached) | GC: 0.0ms)


Started POST "/auth/register" for ::1 at 2025-06-19 10:25:49 +0100
Processing by AuthController#register as */*
  Parameters: {"name"=>"Test User", "email"=>"[FILTERED]", "password"=>"[FILTERED]", "auth"=>{"name"=>"Test User", "email"=>"[FILTERED]", "password"=>"[FILTERED]"}}
[31mUnpermitted parameter: :auth. Context: { controller: AuthController, action: register, request: #<ActionDispatch::Request:0x0000000120dba648>, params: {"name"=>"Test User", "email"=>"[FILTERED]", "password"=>"[FILTERED]", "controller"=>"auth", "action"=>"register", "auth"=>{"name"=>"Test User", "email"=>"[FILTERED]", "password"=>"[FILTERED]"}} }[0m
  [1m[36mTRANSACTION (0.1ms)[0m  [1m[35mBEGIN immediate TRANSACTION /*action='register',application='Snapvault',controller='auth'*/[0m
  ↳ app/controllers/auth_controller.rb:26:in `register'
  [1m[36mUser Exists? (3.2ms)[0m  [1m[34mSELECT 1 AS one FROM "users" WHERE LOWER("users"."email") = LOWER('test@example.com') LIMIT 1 /*action='register',application='Snapvault',controller='auth'*/[0m
  ↳ app/controllers/auth_controller.rb:26:in `register'
  [1m[36mUser Create (0.7ms)[0m  [1m[32mINSERT INTO "users" ("email", "password_digest", "name", "created_at", "updated_at") VALUES ('test@example.com', '$2a$12$lhgWNLUJ5c3AqnZyty2dCehNDh28l4HS/Ajgjt36qLktkOJ5ROiFO', 'Test User', '2025-06-19 09:25:50.028701', '2025-06-19 09:25:50.028701') RETURNING "id" /*action='register',application='Snapvault',controller='auth'*/[0m
  ↳ app/controllers/auth_controller.rb:26:in `register'
  [1m[36mTRANSACTION (0.2ms)[0m  [1m[35mCOMMIT TRANSACTION /*action='register',application='Snapvault',controller='auth'*/[0m
  ↳ app/controllers/auth_controller.rb:26:in `register'
Completed 201 Created in 311ms (Views: 0.1ms | ActiveRecord: 4.5ms (2 queries, 0 cached) | GC: 2.2ms)


Started GET "/files" for ::1 at 2025-06-19 10:25:58 +0100
Processing by FilesController#index as */*
  [1m[36mUser Load (0.1ms)[0m  [1m[34mSELECT "users".* FROM "users" WHERE "users"."id" = 1 LIMIT 1 /*action='index',application='Snapvault',controller='files'*/[0m
  ↳ app/services/authorize_api_request.rb:20:in `user'
  [1m[36mUserFile Load (0.1ms)[0m  [1m[34mSELECT "user_files".* FROM "user_files" WHERE "user_files"."user_id" = 1 ORDER BY "user_files"."uploaded_at" DESC /*action='index',application='Snapvault',controller='files'*/[0m
  ↳ app/controllers/files_controller.rb:10:in `map'
  [1m[36mUserFile Count (0.3ms)[0m  [1m[34mSELECT COUNT(*) FROM "user_files" WHERE "user_files"."user_id" = 1 /*action='index',application='Snapvault',controller='files'*/[0m
  ↳ app/controllers/files_controller.rb:27:in `index'
  [1m[36mUserFile Sum (0.0ms)[0m  [1m[34mSELECT SUM("user_files"."file_size") FROM "user_files" LEFT OUTER JOIN "active_storage_attachments" ON "active_storage_attachments"."record_type" = 'UserFile' AND "active_storage_attachments"."name" = 'file' AND "active_storage_attachments"."record_id" = "user_files"."id" LEFT OUTER JOIN "active_storage_blobs" ON "active_storage_blobs"."id" = "active_storage_attachments"."blob_id" WHERE "user_files"."user_id" = 1 /*action='index',application='Snapvault',controller='files'*/[0m
  ↳ app/controllers/files_controller.rb:28:in `index'
  [1m[36mCACHE UserFile Sum (0.0ms)[0m  [1m[34mSELECT SUM("user_files"."file_size") FROM "user_files" LEFT OUTER JOIN "active_storage_attachments" ON "active_storage_attachments"."record_type" = 'UserFile' AND "active_storage_attachments"."name" = 'file' AND "active_storage_attachments"."record_id" = "user_files"."id" LEFT OUTER JOIN "active_storage_blobs" ON "active_storage_blobs"."id" = "active_storage_attachments"."blob_id" WHERE "user_files"."user_id" = 1[0m
  ↳ app/controllers/files_controller.rb:29:in `index'
Completed 200 OK in 26ms (Views: 0.1ms | ActiveRecord: 0.9ms (5 queries, 1 cached) | GC: 0.7ms)


Started GET "/.well-known/appspecific/com.chrome.devtools.json" for ::1 at 2025-06-19 10:28:33 +0100
  
ActionController::RoutingError (No route matches [GET] "/.well-known/appspecific/com.chrome.devtools.json"):
  
Started POST "/auth/register" for ::1 at 2025-06-19 10:29:00 +0100
Processing by AuthController#register as */*
  Parameters: {"name"=>"santi", "email"=>"[FILTERED]", "password"=>"[FILTERED]", "password_confirmation"=>"[FILTERED]", "auth"=>{"name"=>"santi", "email"=>"[FILTERED]", "password"=>"[FILTERED]", "password_confirmation"=>"[FILTERED]"}}
[31mUnpermitted parameter: :auth. Context: { controller: AuthController, action: register, request: #<ActionDispatch::Request:0x000000012097e570>, params: {"name"=>"santi", "email"=>"[FILTERED]", "password"=>"[FILTERED]", "password_confirmation"=>"[FILTERED]", "controller"=>"auth", "action"=>"register", "auth"=>{"name"=>"santi", "email"=>"[FILTERED]", "password"=>"[FILTERED]", "password_confirmation"=>"[FILTERED]"}} }[0m
  [1m[36mTRANSACTION (0.1ms)[0m  [1m[35mBEGIN immediate TRANSACTION /*action='register',application='Snapvault',controller='auth'*/[0m
  ↳ app/controllers/auth_controller.rb:26:in `register'
  [1m[36mUser Exists? (1.4ms)[0m  [1m[34mSELECT 1 AS one FROM "users" WHERE LOWER("users"."email") = LOWER('santiago.gutierrez@zappistore.com') LIMIT 1 /*action='register',application='Snapvault',controller='auth'*/[0m
  ↳ app/controllers/auth_controller.rb:26:in `register'
  [1m[36mUser Create (0.1ms)[0m  [1m[32mINSERT INTO "users" ("email", "password_digest", "name", "created_at", "updated_at") VALUES ('santiago.gutierrez@zappistore.com', '$2a$12$uxV/w.0aWKihbNjplYnEOO8zC0Dx/rVWVvkj7bSFhe4fyy47/6cOO', 'santi', '2025-06-19 09:29:00.558066', '2025-06-19 09:29:00.558066') RETURNING "id" /*action='register',application='Snapvault',controller='auth'*/[0m
  ↳ app/controllers/auth_controller.rb:26:in `register'
  [1m[36mTRANSACTION (0.4ms)[0m  [1m[35mCOMMIT TRANSACTION /*action='register',application='Snapvault',controller='auth'*/[0m
  ↳ app/controllers/auth_controller.rb:26:in `register'
Completed 201 Created in 297ms (Views: 0.1ms | ActiveRecord: 2.1ms (2 queries, 0 cached) | GC: 0.6ms)


Started GET "/files" for ::1 at 2025-06-19 10:29:00 +0100
Processing by FilesController#index as */*
  [1m[36mUser Load (0.2ms)[0m  [1m[34mSELECT "users".* FROM "users" WHERE "users"."id" = 2 LIMIT 1 /*action='index',application='Snapvault',controller='files'*/[0m
  ↳ app/services/authorize_api_request.rb:20:in `user'
  [1m[36mUserFile Load (0.1ms)[0m  [1m[34mSELECT "user_files".* FROM "user_files" WHERE "user_files"."user_id" = 2 ORDER BY "user_files"."uploaded_at" DESC /*action='index',application='Snapvault',controller='files'*/[0m
  ↳ app/controllers/files_controller.rb:10:in `map'
  [1m[36mUserFile Count (0.1ms)[0m  [1m[34mSELECT COUNT(*) FROM "user_files" WHERE "user_files"."user_id" = 2 /*action='index',application='Snapvault',controller='files'*/[0m
  ↳ app/controllers/files_controller.rb:27:in `index'
  [1m[36mUserFile Sum (0.1ms)[0m  [1m[34mSELECT SUM("user_files"."file_size") FROM "user_files" LEFT OUTER JOIN "active_storage_attachments" ON "active_storage_attachments"."record_type" = 'UserFile' AND "active_storage_attachments"."name" = 'file' AND "active_storage_attachments"."record_id" = "user_files"."id" LEFT OUTER JOIN "active_storage_blobs" ON "active_storage_blobs"."id" = "active_storage_attachments"."blob_id" WHERE "user_files"."user_id" = 2 /*action='index',application='Snapvault',controller='files'*/[0m
  ↳ app/controllers/files_controller.rb:28:in `index'
  [1m[36mCACHE UserFile Sum (0.0ms)[0m  [1m[34mSELECT SUM("user_files"."file_size") FROM "user_files" LEFT OUTER JOIN "active_storage_attachments" ON "active_storage_attachments"."record_type" = 'UserFile' AND "active_storage_attachments"."name" = 'file' AND "active_storage_attachments"."record_id" = "user_files"."id" LEFT OUTER JOIN "active_storage_blobs" ON "active_storage_blobs"."id" = "active_storage_attachments"."blob_id" WHERE "user_files"."user_id" = 2[0m
  ↳ app/controllers/files_controller.rb:29:in `index'
Completed 200 OK in 4ms (Views: 0.1ms | ActiveRecord: 0.4ms (5 queries, 1 cached) | GC: 0.0ms)


Started POST "/upload" for ::1 at 2025-06-19 10:29:26 +0100
Processing by UploadsController#create as */*
  Parameters: {"file"=>#<ActionDispatch::Http::UploadedFile:0x00000001206783f8 @tempfile=#<Tempfile:/var/folders/qv/v7q6cymd1x328y94rwfjm_w00000gq/T/RackMultipart20250619-5997-q6liof.jpg>, @content_type="image/jpeg", @original_filename="JW_07902.jpg", @headers="Content-Disposition: form-data; name=\"file\"; filename=\"JW_07902.jpg\"\r\nContent-Type: image/jpeg\r\n">}
  [1m[36mUser Load (0.1ms)[0m  [1m[34mSELECT "users".* FROM "users" WHERE "users"."id" = 2 LIMIT 1 /*action='create',application='Snapvault',controller='uploads'*/[0m
  ↳ app/services/authorize_api_request.rb:20:in `user'
Completed 422 Unprocessable Content in 1ms (Views: 0.1ms | ActiveRecord: 0.1ms (1 query, 0 cached) | GC: 0.0ms)


Started GET "/files" for ::1 at 2025-06-19 10:29:26 +0100
Processing by FilesController#index as */*
  [1m[36mUser Load (0.1ms)[0m  [1m[34mSELECT "users".* FROM "users" WHERE "users"."id" = 2 LIMIT 1 /*action='index',application='Snapvault',controller='files'*/[0m
  ↳ app/services/authorize_api_request.rb:20:in `user'
  [1m[36mUserFile Load (0.1ms)[0m  [1m[34mSELECT "user_files".* FROM "user_files" WHERE "user_files"."user_id" = 2 ORDER BY "user_files"."uploaded_at" DESC /*action='index',application='Snapvault',controller='files'*/[0m
  ↳ app/controllers/files_controller.rb:10:in `map'
  [1m[36mUserFile Count (0.0ms)[0m  [1m[34mSELECT COUNT(*) FROM "user_files" WHERE "user_files"."user_id" = 2 /*action='index',application='Snapvault',controller='files'*/[0m
  ↳ app/controllers/files_controller.rb:27:in `index'
  [1m[36mUserFile Sum (0.1ms)[0m  [1m[34mSELECT SUM("user_files"."file_size") FROM "user_files" LEFT OUTER JOIN "active_storage_attachments" ON "active_storage_attachments"."record_type" = 'UserFile' AND "active_storage_attachments"."name" = 'file' AND "active_storage_attachments"."record_id" = "user_files"."id" LEFT OUTER JOIN "active_storage_blobs" ON "active_storage_blobs"."id" = "active_storage_attachments"."blob_id" WHERE "user_files"."user_id" = 2 /*action='index',application='Snapvault',controller='files'*/[0m
  ↳ app/controllers/files_controller.rb:28:in `index'
  [1m[36mCACHE UserFile Sum (0.0ms)[0m  [1m[34mSELECT SUM("user_files"."file_size") FROM "user_files" LEFT OUTER JOIN "active_storage_attachments" ON "active_storage_attachments"."record_type" = 'UserFile' AND "active_storage_attachments"."name" = 'file' AND "active_storage_attachments"."record_id" = "user_files"."id" LEFT OUTER JOIN "active_storage_blobs" ON "active_storage_blobs"."id" = "active_storage_attachments"."blob_id" WHERE "user_files"."user_id" = 2[0m
  ↳ app/controllers/files_controller.rb:29:in `index'
Completed 200 OK in 3ms (Views: 0.1ms | ActiveRecord: 0.2ms (5 queries, 1 cached) | GC: 0.3ms)


Started POST "/upload" for ::1 at 2025-06-19 10:29:45 +0100
Processing by UploadsController#create as */*
  Parameters: {"file"=>#<ActionDispatch::Http::UploadedFile:0x0000000120ef0af8 @tempfile=#<Tempfile:/var/folders/qv/v7q6cymd1x328y94rwfjm_w00000gq/T/RackMultipart20250619-5997-vlqh1w.png>, @content_type="image/png", @original_filename="Screenshot 2025-06-19 at 10.29.34.png", @headers="Content-Disposition: form-data; name=\"file\"; filename=\"Screenshot 2025-06-19 at 10.29.34.png\"\r\nContent-Type: image/png\r\n">}
  [1m[36mUser Load (0.2ms)[0m  [1m[34mSELECT "users".* FROM "users" WHERE "users"."id" = 2 LIMIT 1 /*action='create',application='Snapvault',controller='uploads'*/[0m
  ↳ app/services/authorize_api_request.rb:20:in `user'
  [1m[36mTRANSACTION (0.0ms)[0m  [1m[35mBEGIN immediate TRANSACTION /*action='create',application='Snapvault',controller='uploads'*/[0m
  ↳ app/controllers/uploads_controller.rb:37:in `create'
  [1m[36mUserFile Create (0.8ms)[0m  [1m[32mINSERT INTO "user_files" ("user_id", "filename", "content_type", "file_size", "uploaded_at", "created_at", "updated_at") VALUES (2, 'Screenshot 2025-06-19 at 10.29.34.png', 'image/png', 11875, '2025-06-19 09:29:45.733622', '2025-06-19 09:29:45.733853', '2025-06-19 09:29:45.733853') RETURNING "id" /*action='create',application='Snapvault',controller='uploads'*/[0m
  ↳ app/controllers/uploads_controller.rb:37:in `create'
  [1m[36mTRANSACTION (0.2ms)[0m  [1m[35mCOMMIT TRANSACTION /*action='create',application='Snapvault',controller='uploads'*/[0m
  ↳ app/controllers/uploads_controller.rb:37:in `create'
  [1m[36mTRANSACTION (0.0ms)[0m  [1m[35mBEGIN immediate TRANSACTION /*action='create',application='Snapvault',controller='uploads'*/[0m
  ↳ app/controllers/uploads_controller.rb:39:in `create'
  [1m[36mActiveStorage::Blob Load (0.6ms)[0m  [1m[34mSELECT "active_storage_blobs".* FROM "active_storage_blobs" INNER JOIN "active_storage_attachments" ON "active_storage_blobs"."id" = "active_storage_attachments"."blob_id" WHERE "active_storage_attachments"."record_id" = 1 AND "active_storage_attachments"."record_type" = 'UserFile' AND "active_storage_attachments"."name" = 'file' LIMIT 1 /*action='create',application='Snapvault',controller='uploads'*/[0m
  ↳ app/controllers/uploads_controller.rb:39:in `create'
  [1m[36mActiveStorage::Attachment Load (0.0ms)[0m  [1m[34mSELECT "active_storage_attachments".* FROM "active_storage_attachments" WHERE "active_storage_attachments"."record_id" = 1 AND "active_storage_attachments"."record_type" = 'UserFile' AND "active_storage_attachments"."name" = 'file' LIMIT 1 /*action='create',application='Snapvault',controller='uploads'*/[0m
  ↳ app/controllers/uploads_controller.rb:39:in `create'
  [1m[36mActiveStorage::Blob Create (0.1ms)[0m  [1m[32mINSERT INTO "active_storage_blobs" ("key", "filename", "content_type", "metadata", "service_name", "byte_size", "checksum", "created_at") VALUES ('80v61aqyiat0zd7dt18ghe2t3zxv', 'Screenshot 2025-06-19 at 10.29.34.png', 'image/png', '{"identified":true}', 'local', 11875, 'Vnf1PsMYJzaPEy4lQqgYAQ==', '2025-06-19 09:29:45.751335') RETURNING "id" /*action='create',application='Snapvault',controller='uploads'*/[0m
  ↳ app/controllers/uploads_controller.rb:39:in `create'
  [1m[36mActiveStorage::Attachment Create (0.0ms)[0m  [1m[32mINSERT INTO "active_storage_attachments" ("name", "record_type", "record_id", "blob_id", "created_at") VALUES ('file', 'UserFile', 1, 1, '2025-06-19 09:29:45.752267') RETURNING "id" /*action='create',application='Snapvault',controller='uploads'*/[0m
  ↳ app/controllers/uploads_controller.rb:39:in `create'
  [1m[36mUserFile Update (0.0ms)[0m  [1m[33mUPDATE "user_files" SET "updated_at" = '2025-06-19 09:29:45.753037' WHERE "user_files"."id" = 1 /*action='create',application='Snapvault',controller='uploads'*/[0m
  ↳ app/controllers/uploads_controller.rb:39:in `create'
  [1m[36mTRANSACTION (0.1ms)[0m  [1m[35mCOMMIT TRANSACTION /*action='create',application='Snapvault',controller='uploads'*/[0m
  ↳ app/controllers/uploads_controller.rb:39:in `create'
[36m  Disk Storage (0.6ms) [0m[32mUploaded file to key: 80v61aqyiat0zd7dt18ghe2t3zxv (checksum: Vnf1PsMYJzaPEy4lQqgYAQ==)[0m
[ActiveJob] Enqueued ActiveStorage::AnalyzeJob (Job ID: 7d2096c5-8996-4302-b900-b0658768504d) to Async(default) with arguments: #<GlobalID:0x00000001223ddb00 @uri=#<URI::GID gid://snapvault/ActiveStorage::Blob/1>>
[ActiveJob] ↳ app/controllers/uploads_controller.rb:39:in `create'
Completed 201 Created in 58ms (Views: 0.1ms | ActiveRecord: 2.2ms (7 queries, 0 cached) | GC: 2.0ms)


Started GET "/files" for ::1 at 2025-06-19 10:29:45 +0100
[ActiveJob] [ActiveStorage::AnalyzeJob] [7d2096c5-8996-4302-b900-b0658768504d]   [1m[36mActiveStorage::Blob Load (0.1ms)[0m  [1m[34mSELECT "active_storage_blobs".* FROM "active_storage_blobs" WHERE "active_storage_blobs"."id" = 1 LIMIT 1 /*application='Snapvault'*/[0m
[ActiveJob] [ActiveStorage::AnalyzeJob] [7d2096c5-8996-4302-b900-b0658768504d] Performing ActiveStorage::AnalyzeJob (Job ID: 7d2096c5-8996-4302-b900-b0658768504d) from Async(default) enqueued at 2025-06-19T09:29:45.775047000Z with arguments: #<GlobalID:0x00000001222b8338 @uri=#<URI::GID gid://snapvault/ActiveStorage::Blob/1>>
Processing by FilesController#index as */*
  [1m[36mUser Load (0.1ms)[0m  [1m[34mSELECT "users".* FROM "users" WHERE "users"."id" = 2 LIMIT 1 /*action='index',application='Snapvault',controller='files'*/[0m
  ↳ app/services/authorize_api_request.rb:20:in `user'
[ActiveJob] [ActiveStorage::AnalyzeJob] [7d2096c5-8996-4302-b900-b0658768504d] Skipping image analysis because the ruby-vips gem isn't installed
  [1m[36mUserFile Load (0.3ms)[0m  [1m[34mSELECT "user_files".* FROM "user_files" WHERE "user_files"."user_id" = 2 ORDER BY "user_files"."uploaded_at" DESC /*action='index',application='Snapvault',controller='files'*/[0m
  ↳ app/controllers/files_controller.rb:10:in `map'
[ActiveJob] [ActiveStorage::AnalyzeJob] [7d2096c5-8996-4302-b900-b0658768504d]   [1m[36mTRANSACTION (0.0ms)[0m  [1m[35mBEGIN immediate TRANSACTION /*application='Snapvault',job='ActiveStorage%3A%3AAnalyzeJob'*/[0m
[ActiveJob] [ActiveStorage::AnalyzeJob] [7d2096c5-8996-4302-b900-b0658768504d]   [1m[36mActiveStorage::Blob Update (1.5ms)[0m  [1m[33mUPDATE "active_storage_blobs" SET "metadata" = '{"identified":true,"analyzed":true}' WHERE "active_storage_blobs"."id" = 1 /*application='Snapvault',job='ActiveStorage%3A%3AAnalyzeJob'*/[0m
[ActiveJob] [ActiveStorage::AnalyzeJob] [7d2096c5-8996-4302-b900-b0658768504d]   [1m[36mActiveStorage::Attachment Load (0.0ms)[0m  [1m[34mSELECT "active_storage_attachments".* FROM "active_storage_attachments" WHERE "active_storage_attachments"."blob_id" = 1 /*application='Snapvault',job='ActiveStorage%3A%3AAnalyzeJob'*/[0m
  [1m[36mActiveStorage::Attachment Load (0.0ms)[0m  [1m[34mSELECT "active_storage_attachments".* FROM "active_storage_attachments" WHERE "active_storage_attachments"."record_type" = 'UserFile' AND "active_storage_attachments"."name" = 'file' AND "active_storage_attachments"."record_id" = 1 /*action='index',application='Snapvault',controller='files'*/[0m
[ActiveJob] [ActiveStorage::AnalyzeJob] [7d2096c5-8996-4302-b900-b0658768504d]   [1m[36mUserFile Load (0.0ms)[0m  [1m[34mSELECT "user_files".* FROM "user_files" WHERE "user_files"."id" = 1 /*application='Snapvault',job='ActiveStorage%3A%3AAnalyzeJob'*/[0m
  ↳ app/controllers/files_controller.rb:10:in `map'
[ActiveJob] [ActiveStorage::AnalyzeJob] [7d2096c5-8996-4302-b900-b0658768504d]   [1m[36mUserFile Update (0.0ms)[0m  [1m[33mUPDATE "user_files" SET "updated_at" = '2025-06-19 09:29:46.036548' WHERE "user_files"."id" = 1 /*application='Snapvault',job='ActiveStorage%3A%3AAnalyzeJob'*/[0m
  [1m[36mActiveStorage::Blob Load (0.0ms)[0m  [1m[34mSELECT "active_storage_blobs".* FROM "active_storage_blobs" WHERE "active_storage_blobs"."id" = 1 /*action='index',application='Snapvault',controller='files'*/[0m
[ActiveJob] [ActiveStorage::AnalyzeJob] [7d2096c5-8996-4302-b900-b0658768504d]   [1m[36mTRANSACTION (0.1ms)[0m  [1m[35mCOMMIT TRANSACTION /*application='Snapvault',job='ActiveStorage%3A%3AAnalyzeJob'*/[0m
  ↳ app/controllers/files_controller.rb:10:in `map'
[ActiveJob] [ActiveStorage::AnalyzeJob] [7d2096c5-8996-4302-b900-b0658768504d] Performed ActiveStorage::AnalyzeJob (Job ID: 7d2096c5-8996-4302-b900-b0658768504d) from Async(default) in 255.57ms
  [1m[36mUserFile Count (0.1ms)[0m  [1m[34mSELECT COUNT(*) FROM "user_files" WHERE "user_files"."user_id" = 2 /*action='index',application='Snapvault',controller='files'*/[0m
  ↳ app/controllers/files_controller.rb:27:in `index'
  [1m[36mUserFile Sum (0.1ms)[0m  [1m[34mSELECT SUM("user_files"."file_size") FROM "user_files" LEFT OUTER JOIN "active_storage_attachments" ON "active_storage_attachments"."record_type" = 'UserFile' AND "active_storage_attachments"."name" = 'file' AND "active_storage_attachments"."record_id" = "user_files"."id" LEFT OUTER JOIN "active_storage_blobs" ON "active_storage_blobs"."id" = "active_storage_attachments"."blob_id" WHERE "user_files"."user_id" = 2 /*action='index',application='Snapvault',controller='files'*/[0m
  ↳ app/controllers/files_controller.rb:28:in `index'
  [1m[36mCACHE UserFile Sum (0.0ms)[0m  [1m[34mSELECT SUM("user_files"."file_size") FROM "user_files" LEFT OUTER JOIN "active_storage_attachments" ON "active_storage_attachments"."record_type" = 'UserFile' AND "active_storage_attachments"."name" = 'file' AND "active_storage_attachments"."record_id" = "user_files"."id" LEFT OUTER JOIN "active_storage_blobs" ON "active_storage_blobs"."id" = "active_storage_attachments"."blob_id" WHERE "user_files"."user_id" = 2[0m
  ↳ app/controllers/files_controller.rb:29:in `index'
Completed 200 OK in 14ms (Views: 0.1ms | ActiveRecord: 0.6ms (7 queries, 1 cached) | GC: 0.6ms)


Started GET "/files/1/download" for ::1 at 2025-06-19 10:30:00 +0100
Processing by FilesController#download as HTML
  Parameters: {"id"=>"1"}
Completed 422 Unprocessable Content in 0ms (Views: 0.1ms | ActiveRecord: 0.0ms (0 queries, 0 cached) | GC: 0.0ms)


Started GET "/.well-known/appspecific/com.chrome.devtools.json" for ::1 at 2025-06-19 10:30:00 +0100
  
ActionController::RoutingError (No route matches [GET] "/.well-known/appspecific/com.chrome.devtools.json"):
  
Started POST "/auth/login" for ::1 at 2025-06-19 10:30:38 +0100
Processing by AuthController#login as */*
  Parameters: {"email"=>"[FILTERED]", "password"=>"[FILTERED]", "auth"=>{"email"=>"[FILTERED]", "password"=>"[FILTERED]"}}
[31mUnpermitted parameter: :auth. Context: { controller: AuthController, action: login, request: #<ActionDispatch::Request:0x000000012411e750>, params: {"email"=>"[FILTERED]", "password"=>"[FILTERED]", "controller"=>"auth", "action"=>"login", "auth"=>{"email"=>"[FILTERED]", "password"=>"[FILTERED]"}} }[0m
  [1m[36mUser Load (0.5ms)[0m  [1m[34mSELECT "users".* FROM "users" WHERE "users"."email" = 'santiago.gutierrez@zappistore.com' LIMIT 1 /*action='login',application='Snapvault',controller='auth'*/[0m
  ↳ app/controllers/auth_controller.rb:6:in `login'
[31mUnpermitted parameter: :auth. Context: { controller: AuthController, action: login, request: #<ActionDispatch::Request:0x000000012411e750>, params: {"email"=>"[FILTERED]", "password"=>"[FILTERED]", "controller"=>"auth", "action"=>"login", "auth"=>{"email"=>"[FILTERED]", "password"=>"[FILTERED]"}} }[0m
Completed 200 OK in 286ms (Views: 0.1ms | ActiveRecord: 0.5ms (1 query, 0 cached) | GC: 3.0ms)


Started GET "/files" for ::1 at 2025-06-19 10:30:38 +0100
Processing by FilesController#index as */*
  [1m[36mUser Load (0.1ms)[0m  [1m[34mSELECT "users".* FROM "users" WHERE "users"."id" = 2 LIMIT 1 /*action='index',application='Snapvault',controller='files'*/[0m
  ↳ app/services/authorize_api_request.rb:20:in `user'
  [1m[36mUserFile Load (0.1ms)[0m  [1m[34mSELECT "user_files".* FROM "user_files" WHERE "user_files"."user_id" = 2 ORDER BY "user_files"."uploaded_at" DESC /*action='index',application='Snapvault',controller='files'*/[0m
  ↳ app/controllers/files_controller.rb:10:in `map'
  [1m[36mActiveStorage::Attachment Load (0.1ms)[0m  [1m[34mSELECT "active_storage_attachments".* FROM "active_storage_attachments" WHERE "active_storage_attachments"."record_type" = 'UserFile' AND "active_storage_attachments"."name" = 'file' AND "active_storage_attachments"."record_id" = 1 /*action='index',application='Snapvault',controller='files'*/[0m
  ↳ app/controllers/files_controller.rb:10:in `map'
  [1m[36mActiveStorage::Blob Load (0.0ms)[0m  [1m[34mSELECT "active_storage_blobs".* FROM "active_storage_blobs" WHERE "active_storage_blobs"."id" = 1 /*action='index',application='Snapvault',controller='files'*/[0m
  ↳ app/controllers/files_controller.rb:10:in `map'
  [1m[36mUserFile Count (0.0ms)[0m  [1m[34mSELECT COUNT(*) FROM "user_files" WHERE "user_files"."user_id" = 2 /*action='index',application='Snapvault',controller='files'*/[0m
  ↳ app/controllers/files_controller.rb:27:in `index'
  [1m[36mUserFile Sum (0.0ms)[0m  [1m[34mSELECT SUM("user_files"."file_size") FROM "user_files" LEFT OUTER JOIN "active_storage_attachments" ON "active_storage_attachments"."record_type" = 'UserFile' AND "active_storage_attachments"."name" = 'file' AND "active_storage_attachments"."record_id" = "user_files"."id" LEFT OUTER JOIN "active_storage_blobs" ON "active_storage_blobs"."id" = "active_storage_attachments"."blob_id" WHERE "user_files"."user_id" = 2 /*action='index',application='Snapvault',controller='files'*/[0m
  ↳ app/controllers/files_controller.rb:28:in `index'
  [1m[36mCACHE UserFile Sum (0.0ms)[0m  [1m[34mSELECT SUM("user_files"."file_size") FROM "user_files" LEFT OUTER JOIN "active_storage_attachments" ON "active_storage_attachments"."record_type" = 'UserFile' AND "active_storage_attachments"."name" = 'file' AND "active_storage_attachments"."record_id" = "user_files"."id" LEFT OUTER JOIN "active_storage_blobs" ON "active_storage_blobs"."id" = "active_storage_attachments"."blob_id" WHERE "user_files"."user_id" = 2[0m
  ↳ app/controllers/files_controller.rb:29:in `index'
Completed 200 OK in 14ms (Views: 0.1ms | ActiveRecord: 0.4ms (7 queries, 1 cached) | GC: 9.2ms)


Started POST "/auth/login" for ::1 at 2025-06-19 10:30:45 +0100
Processing by AuthController#login as */*
  Parameters: {"email"=>"[FILTERED]", "password"=>"[FILTERED]", "auth"=>{"email"=>"[FILTERED]", "password"=>"[FILTERED]"}}
[31mUnpermitted parameter: :auth. Context: { controller: AuthController, action: login, request: #<ActionDispatch::Request:0x000000011fcb4100>, params: {"email"=>"[FILTERED]", "password"=>"[FILTERED]", "controller"=>"auth", "action"=>"login", "auth"=>{"email"=>"[FILTERED]", "password"=>"[FILTERED]"}} }[0m
  [1m[36mUser Load (0.3ms)[0m  [1m[34mSELECT "users".* FROM "users" WHERE "users"."email" = 'santiago.gutierrez@zappistore.com' LIMIT 1 /*action='login',application='Snapvault',controller='auth'*/[0m
  ↳ app/controllers/auth_controller.rb:6:in `login'
[31mUnpermitted parameter: :auth. Context: { controller: AuthController, action: login, request: #<ActionDispatch::Request:0x000000011fcb4100>, params: {"email"=>"[FILTERED]", "password"=>"[FILTERED]", "controller"=>"auth", "action"=>"login", "auth"=>{"email"=>"[FILTERED]", "password"=>"[FILTERED]"}} }[0m
Completed 401 Unauthorized in 292ms (Views: 0.2ms | ActiveRecord: 0.3ms (1 query, 0 cached) | GC: 0.0ms)


Started POST "/auth/login" for ::1 at 2025-06-19 10:30:56 +0100
Processing by AuthController#login as */*
  Parameters: {"email"=>"[FILTERED]", "password"=>"[FILTERED]", "auth"=>{"email"=>"[FILTERED]", "password"=>"[FILTERED]"}}
[31mUnpermitted parameter: :auth. Context: { controller: AuthController, action: login, request: #<ActionDispatch::Request:0x0000000120c3d7c0>, params: {"email"=>"[FILTERED]", "password"=>"[FILTERED]", "controller"=>"auth", "action"=>"login", "auth"=>{"email"=>"[FILTERED]", "password"=>"[FILTERED]"}} }[0m
  [1m[36mUser Load (0.4ms)[0m  [1m[34mSELECT "users".* FROM "users" WHERE "users"."email" = 'santiago.gutierrez@zappistore.com' LIMIT 1 /*action='login',application='Snapvault',controller='auth'*/[0m
  ↳ app/controllers/auth_controller.rb:6:in `login'
[31mUnpermitted parameter: :auth. Context: { controller: AuthController, action: login, request: #<ActionDispatch::Request:0x0000000120c3d7c0>, params: {"email"=>"[FILTERED]", "password"=>"[FILTERED]", "controller"=>"auth", "action"=>"login", "auth"=>{"email"=>"[FILTERED]", "password"=>"[FILTERED]"}} }[0m
Completed 200 OK in 296ms (Views: 0.2ms | ActiveRecord: 0.4ms (1 query, 0 cached) | GC: 0.0ms)


Started GET "/files" for ::1 at 2025-06-19 10:30:57 +0100
Processing by FilesController#index as */*
  [1m[36mUser Load (0.2ms)[0m  [1m[34mSELECT "users".* FROM "users" WHERE "users"."id" = 2 LIMIT 1 /*action='index',application='Snapvault',controller='files'*/[0m
  ↳ app/services/authorize_api_request.rb:20:in `user'
  [1m[36mUserFile Load (0.1ms)[0m  [1m[34mSELECT "user_files".* FROM "user_files" WHERE "user_files"."user_id" = 2 ORDER BY "user_files"."uploaded_at" DESC /*action='index',application='Snapvault',controller='files'*/[0m
  ↳ app/controllers/files_controller.rb:10:in `map'
  [1m[36mActiveStorage::Attachment Load (0.1ms)[0m  [1m[34mSELECT "active_storage_attachments".* FROM "active_storage_attachments" WHERE "active_storage_attachments"."record_type" = 'UserFile' AND "active_storage_attachments"."name" = 'file' AND "active_storage_attachments"."record_id" = 1 /*action='index',application='Snapvault',controller='files'*/[0m
  ↳ app/controllers/files_controller.rb:10:in `map'
  [1m[36mActiveStorage::Blob Load (0.0ms)[0m  [1m[34mSELECT "active_storage_blobs".* FROM "active_storage_blobs" WHERE "active_storage_blobs"."id" = 1 /*action='index',application='Snapvault',controller='files'*/[0m
  ↳ app/controllers/files_controller.rb:10:in `map'
  [1m[36mUserFile Count (0.0ms)[0m  [1m[34mSELECT COUNT(*) FROM "user_files" WHERE "user_files"."user_id" = 2 /*action='index',application='Snapvault',controller='files'*/[0m
  ↳ app/controllers/files_controller.rb:27:in `index'
  [1m[36mUserFile Sum (0.1ms)[0m  [1m[34mSELECT SUM("user_files"."file_size") FROM "user_files" LEFT OUTER JOIN "active_storage_attachments" ON "active_storage_attachments"."record_type" = 'UserFile' AND "active_storage_attachments"."name" = 'file' AND "active_storage_attachments"."record_id" = "user_files"."id" LEFT OUTER JOIN "active_storage_blobs" ON "active_storage_blobs"."id" = "active_storage_attachments"."blob_id" WHERE "user_files"."user_id" = 2 /*action='index',application='Snapvault',controller='files'*/[0m
  ↳ app/controllers/files_controller.rb:28:in `index'
  [1m[36mCACHE UserFile Sum (0.0ms)[0m  [1m[34mSELECT SUM("user_files"."file_size") FROM "user_files" LEFT OUTER JOIN "active_storage_attachments" ON "active_storage_attachments"."record_type" = 'UserFile' AND "active_storage_attachments"."name" = 'file' AND "active_storage_attachments"."record_id" = "user_files"."id" LEFT OUTER JOIN "active_storage_blobs" ON "active_storage_blobs"."id" = "active_storage_attachments"."blob_id" WHERE "user_files"."user_id" = 2[0m
  ↳ app/controllers/files_controller.rb:29:in `index'
Completed 200 OK in 6ms (Views: 0.1ms | ActiveRecord: 0.4ms (7 queries, 1 cached) | GC: 0.6ms)


  [1m[36mActiveRecord::InternalMetadata Load (0.6ms)[0m  [1m[34mSELECT * FROM "ar_internal_metadata" WHERE "ar_internal_metadata"."key" = 'environment' ORDER BY "ar_internal_metadata"."key" ASC LIMIT 1 /*application='Snapvault'*/[0m
  [1m[36mActiveRecord::SchemaMigration Load (0.1ms)[0m  [1m[34mSELECT "schema_migrations"."version" FROM "schema_migrations" ORDER BY "schema_migrations"."version" ASC /*application='Snapvault'*/[0m
  [1m[36mActiveRecord::SchemaMigration Load (0.1ms)[0m  [1m[34mSELECT "schema_migrations"."version" FROM "schema_migrations" ORDER BY "schema_migrations"."version" ASC /*application='Snapvault'*/[0m
  [1m[36mActiveRecord::SchemaMigration Load (0.1ms)[0m  [1m[34mSELECT "schema_migrations"."version" FROM "schema_migrations" ORDER BY "schema_migrations"."version" ASC /*application='Snapvault'*/[0m
Started POST "/auth/register" for ::1 at 2025-06-19 11:21:02 +0100
  [1m[36mActiveRecord::SchemaMigration Load (0.6ms)[0m  [1m[34mSELECT "schema_migrations"."version" FROM "schema_migrations" ORDER BY "schema_migrations"."version" ASC /*application='Snapvault'*/[0m
Processing by AuthController#register as */*
  Parameters: {"name"=>"Brook", "email"=>"[FILTERED]", "password"=>"[FILTERED]", "password_confirmation"=>"[FILTERED]", "auth"=>{"name"=>"Brook", "email"=>"[FILTERED]", "password"=>"[FILTERED]", "password_confirmation"=>"[FILTERED]"}}
[31mUnpermitted parameter: :auth. Context: { controller: AuthController, action: register, request: #<ActionDispatch::Request:0x00000001255acaa0>, params: {"name"=>"Brook", "email"=>"[FILTERED]", "password"=>"[FILTERED]", "password_confirmation"=>"[FILTERED]", "controller"=>"auth", "action"=>"register", "auth"=>{"name"=>"Brook", "email"=>"[FILTERED]", "password"=>"[FILTERED]", "password_confirmation"=>"[FILTERED]"}} }[0m
  [1m[36mTRANSACTION (0.1ms)[0m  [1m[35mBEGIN immediate TRANSACTION /*action='register',application='Snapvault',controller='auth'*/[0m
  ↳ app/controllers/auth_controller.rb:26:in `register'
  [1m[36mUser Exists? (1.6ms)[0m  [1m[34mSELECT 1 AS one FROM "users" WHERE LOWER("users"."email") = LOWER('bb.brook96@hotmail.com') LIMIT 1 /*action='register',application='Snapvault',controller='auth'*/[0m
  ↳ app/controllers/auth_controller.rb:26:in `register'
  [1m[36mUser Create (0.2ms)[0m  [1m[32mINSERT INTO "users" ("email", "password_digest", "name", "created_at", "updated_at") VALUES ('bb.brook96@hotmail.com', '$2a$12$TeWi6qvVP.LcdZN9tS5gUue/EehPa1ZuK1MnnER/QQZ9y1yEwR3DK', 'Brook', '2025-06-19 10:21:02.993846', '2025-06-19 10:21:02.993846') RETURNING "id" /*action='register',application='Snapvault',controller='auth'*/[0m
  ↳ app/controllers/auth_controller.rb:26:in `register'
  [1m[36mTRANSACTION (1.0ms)[0m  [1m[35mCOMMIT TRANSACTION /*action='register',application='Snapvault',controller='auth'*/[0m
  ↳ app/controllers/auth_controller.rb:26:in `register'
Completed 201 Created in 473ms (Views: 0.6ms | ActiveRecord: 5.8ms (2 queries, 0 cached) | GC: 110.5ms)


Started GET "/files" for ::1 at 2025-06-19 11:21:03 +0100
Processing by FilesController#index as */*
  [1m[36mUser Load (0.1ms)[0m  [1m[34mSELECT "users".* FROM "users" WHERE "users"."id" = 3 LIMIT 1 /*action='index',application='Snapvault',controller='files'*/[0m
  ↳ app/services/authorize_api_request.rb:20:in `user'
  [1m[36mUserFile Load (0.1ms)[0m  [1m[34mSELECT "user_files".* FROM "user_files" WHERE "user_files"."user_id" = 3 ORDER BY "user_files"."uploaded_at" DESC /*action='index',application='Snapvault',controller='files'*/[0m
  ↳ app/controllers/files_controller.rb:10:in `map'
  [1m[36mUserFile Count (0.4ms)[0m  [1m[34mSELECT COUNT(*) FROM "user_files" WHERE "user_files"."user_id" = 3 /*action='index',application='Snapvault',controller='files'*/[0m
  ↳ app/controllers/files_controller.rb:27:in `index'
  [1m[36mUserFile Sum (0.4ms)[0m  [1m[34mSELECT SUM("user_files"."file_size") FROM "user_files" LEFT OUTER JOIN "active_storage_attachments" ON "active_storage_attachments"."record_type" = 'UserFile' AND "active_storage_attachments"."name" = 'file' AND "active_storage_attachments"."record_id" = "user_files"."id" LEFT OUTER JOIN "active_storage_blobs" ON "active_storage_blobs"."id" = "active_storage_attachments"."blob_id" WHERE "user_files"."user_id" = 3 /*action='index',application='Snapvault',controller='files'*/[0m
  ↳ app/controllers/files_controller.rb:28:in `index'
  [1m[36mCACHE UserFile Sum (0.0ms)[0m  [1m[34mSELECT SUM("user_files"."file_size") FROM "user_files" LEFT OUTER JOIN "active_storage_attachments" ON "active_storage_attachments"."record_type" = 'UserFile' AND "active_storage_attachments"."name" = 'file' AND "active_storage_attachments"."record_id" = "user_files"."id" LEFT OUTER JOIN "active_storage_blobs" ON "active_storage_blobs"."id" = "active_storage_attachments"."blob_id" WHERE "user_files"."user_id" = 3[0m
  ↳ app/controllers/files_controller.rb:29:in `index'
Completed 200 OK in 214ms (Views: 0.3ms | ActiveRecord: 2.4ms (5 queries, 1 cached) | GC: 38.3ms)


Started POST "/upload" for ::1 at 2025-06-19 11:22:23 +0100
Processing by UploadsController#create as */*
  Parameters: {"file"=>#<ActionDispatch::Http::UploadedFile:0x00000001257eb370 @tempfile=#<Tempfile:/var/folders/_n/4bpq80q94jj0t8ykyyh21gr00000gn/T/RackMultipart20250619-20890-ct06e3.pdf>, @content_type="application/pdf", @original_filename="51e6b519-e353-41c6-ae23-ce2bbb85ad94_Coding_Agents_at_Zappi.pdf", @headers="Content-Disposition: form-data; name=\"file\"; filename=\"51e6b519-e353-41c6-ae23-ce2bbb85ad94_Coding_Agents_at_Zappi.pdf\"\r\nContent-Type: application/pdf\r\n">}
  [1m[36mUser Load (0.3ms)[0m  [1m[34mSELECT "users".* FROM "users" WHERE "users"."id" = 3 LIMIT 1 /*action='create',application='Snapvault',controller='uploads'*/[0m
  ↳ app/services/authorize_api_request.rb:20:in `user'
Completed 422 Unprocessable Content in 6ms (Views: 0.3ms | ActiveRecord: 0.3ms (1 query, 0 cached) | GC: 1.2ms)


Started GET "/files" for ::1 at 2025-06-19 11:22:23 +0100
Processing by FilesController#index as */*
  [1m[36mUser Load (0.6ms)[0m  [1m[34mSELECT "users".* FROM "users" WHERE "users"."id" = 3 LIMIT 1 /*action='index',application='Snapvault',controller='files'*/[0m
  ↳ app/services/authorize_api_request.rb:20:in `user'
  [1m[36mUserFile Load (0.9ms)[0m  [1m[34mSELECT "user_files".* FROM "user_files" WHERE "user_files"."user_id" = 3 ORDER BY "user_files"."uploaded_at" DESC /*action='index',application='Snapvault',controller='files'*/[0m
  ↳ app/controllers/files_controller.rb:10:in `map'
  [1m[36mUserFile Count (0.2ms)[0m  [1m[34mSELECT COUNT(*) FROM "user_files" WHERE "user_files"."user_id" = 3 /*action='index',application='Snapvault',controller='files'*/[0m
  ↳ app/controllers/files_controller.rb:27:in `index'
  [1m[36mUserFile Sum (0.3ms)[0m  [1m[34mSELECT SUM("user_files"."file_size") FROM "user_files" LEFT OUTER JOIN "active_storage_attachments" ON "active_storage_attachments"."record_type" = 'UserFile' AND "active_storage_attachments"."name" = 'file' AND "active_storage_attachments"."record_id" = "user_files"."id" LEFT OUTER JOIN "active_storage_blobs" ON "active_storage_blobs"."id" = "active_storage_attachments"."blob_id" WHERE "user_files"."user_id" = 3 /*action='index',application='Snapvault',controller='files'*/[0m
  ↳ app/controllers/files_controller.rb:28:in `index'
  [1m[36mCACHE UserFile Sum (0.1ms)[0m  [1m[34mSELECT SUM("user_files"."file_size") FROM "user_files" LEFT OUTER JOIN "active_storage_attachments" ON "active_storage_attachments"."record_type" = 'UserFile' AND "active_storage_attachments"."name" = 'file' AND "active_storage_attachments"."record_id" = "user_files"."id" LEFT OUTER JOIN "active_storage_blobs" ON "active_storage_blobs"."id" = "active_storage_attachments"."blob_id" WHERE "user_files"."user_id" = 3[0m
  ↳ app/controllers/files_controller.rb:29:in `index'
Completed 200 OK in 23ms (Views: 0.2ms | ActiveRecord: 1.9ms (5 queries, 1 cached) | GC: 0.0ms)


Started POST "/upload" for ::1 at 2025-06-19 11:24:24 +0100
Processing by UploadsController#create as */*
  Parameters: {"file"=>#<ActionDispatch::Http::UploadedFile:0x0000000125460750 @tempfile=#<Tempfile:/var/folders/_n/4bpq80q94jj0t8ykyyh21gr00000gn/T/RackMultipart20250619-20890-re6zl2.txt>, @content_type="text/plain", @original_filename="clean_test.txt", @headers="Content-Disposition: form-data; name=\"file\"; filename=\"clean_test.txt\"\r\nContent-Type: text/plain\r\n">}
  [1m[36mUser Load (0.3ms)[0m  [1m[34mSELECT "users".* FROM "users" WHERE "users"."id" = 3 LIMIT 1 /*action='create',application='Snapvault',controller='uploads'*/[0m
  ↳ app/services/authorize_api_request.rb:20:in `user'
Completed 422 Unprocessable Content in 8ms (Views: 0.2ms | ActiveRecord: 0.3ms (1 query, 0 cached) | GC: 0.0ms)


Started GET "/files" for ::1 at 2025-06-19 11:24:24 +0100
Processing by FilesController#index as */*
  [1m[36mUser Load (0.2ms)[0m  [1m[34mSELECT "users".* FROM "users" WHERE "users"."id" = 3 LIMIT 1 /*action='index',application='Snapvault',controller='files'*/[0m
  ↳ app/services/authorize_api_request.rb:20:in `user'
  [1m[36mUserFile Load (0.3ms)[0m  [1m[34mSELECT "user_files".* FROM "user_files" WHERE "user_files"."user_id" = 3 ORDER BY "user_files"."uploaded_at" DESC /*action='index',application='Snapvault',controller='files'*/[0m
  ↳ app/controllers/files_controller.rb:10:in `map'
  [1m[36mUserFile Count (0.1ms)[0m  [1m[34mSELECT COUNT(*) FROM "user_files" WHERE "user_files"."user_id" = 3 /*action='index',application='Snapvault',controller='files'*/[0m
  ↳ app/controllers/files_controller.rb:27:in `index'
  [1m[36mUserFile Sum (0.1ms)[0m  [1m[34mSELECT SUM("user_files"."file_size") FROM "user_files" LEFT OUTER JOIN "active_storage_attachments" ON "active_storage_attachments"."record_type" = 'UserFile' AND "active_storage_attachments"."name" = 'file' AND "active_storage_attachments"."record_id" = "user_files"."id" LEFT OUTER JOIN "active_storage_blobs" ON "active_storage_blobs"."id" = "active_storage_attachments"."blob_id" WHERE "user_files"."user_id" = 3 /*action='index',application='Snapvault',controller='files'*/[0m
  ↳ app/controllers/files_controller.rb:28:in `index'
  [1m[36mCACHE UserFile Sum (0.0ms)[0m  [1m[34mSELECT SUM("user_files"."file_size") FROM "user_files" LEFT OUTER JOIN "active_storage_attachments" ON "active_storage_attachments"."record_type" = 'UserFile' AND "active_storage_attachments"."name" = 'file' AND "active_storage_attachments"."record_id" = "user_files"."id" LEFT OUTER JOIN "active_storage_blobs" ON "active_storage_blobs"."id" = "active_storage_attachments"."blob_id" WHERE "user_files"."user_id" = 3[0m
  ↳ app/controllers/files_controller.rb:29:in `index'
Completed 200 OK in 10ms (Views: 0.1ms | ActiveRecord: 0.7ms (5 queries, 1 cached) | GC: 0.0ms)


Started POST "/upload" for ::1 at 2025-06-19 11:24:41 +0100
Processing by UploadsController#create as */*
  Parameters: {"file"=>#<ActionDispatch::Http::UploadedFile:0x00000001256e1380 @tempfile=#<Tempfile:/var/folders/_n/4bpq80q94jj0t8ykyyh21gr00000gn/T/RackMultipart20250619-20890-d25422.txt>, @content_type="text/plain", @original_filename="clean_test.txt", @headers="Content-Disposition: form-data; name=\"file\"; filename=\"clean_test.txt\"\r\nContent-Type: text/plain\r\n">}
  [1m[36mUser Load (0.2ms)[0m  [1m[34mSELECT "users".* FROM "users" WHERE "users"."id" = 3 LIMIT 1 /*action='create',application='Snapvault',controller='uploads'*/[0m
  ↳ app/services/authorize_api_request.rb:20:in `user'
Completed 422 Unprocessable Content in 7ms (Views: 0.2ms | ActiveRecord: 0.2ms (1 query, 0 cached) | GC: 0.0ms)


Started GET "/files" for ::1 at 2025-06-19 11:24:41 +0100
Processing by FilesController#index as */*
  [1m[36mUser Load (0.3ms)[0m  [1m[34mSELECT "users".* FROM "users" WHERE "users"."id" = 3 LIMIT 1 /*action='index',application='Snapvault',controller='files'*/[0m
  ↳ app/services/authorize_api_request.rb:20:in `user'
  [1m[36mUserFile Load (0.2ms)[0m  [1m[34mSELECT "user_files".* FROM "user_files" WHERE "user_files"."user_id" = 3 ORDER BY "user_files"."uploaded_at" DESC /*action='index',application='Snapvault',controller='files'*/[0m
  ↳ app/controllers/files_controller.rb:10:in `map'
  [1m[36mUserFile Count (0.1ms)[0m  [1m[34mSELECT COUNT(*) FROM "user_files" WHERE "user_files"."user_id" = 3 /*action='index',application='Snapvault',controller='files'*/[0m
  ↳ app/controllers/files_controller.rb:27:in `index'
  [1m[36mUserFile Sum (0.3ms)[0m  [1m[34mSELECT SUM("user_files"."file_size") FROM "user_files" LEFT OUTER JOIN "active_storage_attachments" ON "active_storage_attachments"."record_type" = 'UserFile' AND "active_storage_attachments"."name" = 'file' AND "active_storage_attachments"."record_id" = "user_files"."id" LEFT OUTER JOIN "active_storage_blobs" ON "active_storage_blobs"."id" = "active_storage_attachments"."blob_id" WHERE "user_files"."user_id" = 3 /*action='index',application='Snapvault',controller='files'*/[0m
  ↳ app/controllers/files_controller.rb:28:in `index'
  [1m[36mCACHE UserFile Sum (0.1ms)[0m  [1m[34mSELECT SUM("user_files"."file_size") FROM "user_files" LEFT OUTER JOIN "active_storage_attachments" ON "active_storage_attachments"."record_type" = 'UserFile' AND "active_storage_attachments"."name" = 'file' AND "active_storage_attachments"."record_id" = "user_files"."id" LEFT OUTER JOIN "active_storage_blobs" ON "active_storage_blobs"."id" = "active_storage_attachments"."blob_id" WHERE "user_files"."user_id" = 3[0m
  ↳ app/controllers/files_controller.rb:29:in `index'
Completed 200 OK in 11ms (Views: 0.2ms | ActiveRecord: 0.9ms (5 queries, 1 cached) | GC: 0.0ms)


Started POST "/upload" for ::1 at 2025-06-19 11:25:08 +0100
Processing by UploadsController#create as */*
  Parameters: {"file"=>#<ActionDispatch::Http::UploadedFile:0x000000012471cd50 @tempfile=#<Tempfile:/var/folders/_n/4bpq80q94jj0t8ykyyh21gr00000gn/T/RackMultipart20250619-20890-k6xslk.txt>, @content_type="text/plain", @original_filename="clean_test.txt", @headers="Content-Disposition: form-data; name=\"file\"; filename=\"clean_test.txt\"\r\nContent-Type: text/plain\r\n">}
  [1m[36mUser Load (0.4ms)[0m  [1m[34mSELECT "users".* FROM "users" WHERE "users"."id" = 3 LIMIT 1 /*action='create',application='Snapvault',controller='uploads'*/[0m
  ↳ app/services/authorize_api_request.rb:20:in `user'
Completed 422 Unprocessable Content in 14ms (Views: 0.5ms | ActiveRecord: 0.3ms (1 query, 0 cached) | GC: 0.0ms)


Started GET "/files" for ::1 at 2025-06-19 11:25:08 +0100
Processing by FilesController#index as */*
  [1m[36mUser Load (0.3ms)[0m  [1m[34mSELECT "users".* FROM "users" WHERE "users"."id" = 3 LIMIT 1 /*action='index',application='Snapvault',controller='files'*/[0m
  ↳ app/services/authorize_api_request.rb:20:in `user'
  [1m[36mUserFile Load (0.2ms)[0m  [1m[34mSELECT "user_files".* FROM "user_files" WHERE "user_files"."user_id" = 3 ORDER BY "user_files"."uploaded_at" DESC /*action='index',application='Snapvault',controller='files'*/[0m
  ↳ app/controllers/files_controller.rb:10:in `map'
  [1m[36mUserFile Count (0.2ms)[0m  [1m[34mSELECT COUNT(*) FROM "user_files" WHERE "user_files"."user_id" = 3 /*action='index',application='Snapvault',controller='files'*/[0m
  ↳ app/controllers/files_controller.rb:27:in `index'
  [1m[36mUserFile Sum (0.3ms)[0m  [1m[34mSELECT SUM("user_files"."file_size") FROM "user_files" LEFT OUTER JOIN "active_storage_attachments" ON "active_storage_attachments"."record_type" = 'UserFile' AND "active_storage_attachments"."name" = 'file' AND "active_storage_attachments"."record_id" = "user_files"."id" LEFT OUTER JOIN "active_storage_blobs" ON "active_storage_blobs"."id" = "active_storage_attachments"."blob_id" WHERE "user_files"."user_id" = 3 /*action='index',application='Snapvault',controller='files'*/[0m
  ↳ app/controllers/files_controller.rb:28:in `index'
  [1m[36mCACHE UserFile Sum (0.0ms)[0m  [1m[34mSELECT SUM("user_files"."file_size") FROM "user_files" LEFT OUTER JOIN "active_storage_attachments" ON "active_storage_attachments"."record_type" = 'UserFile' AND "active_storage_attachments"."name" = 'file' AND "active_storage_attachments"."record_id" = "user_files"."id" LEFT OUTER JOIN "active_storage_blobs" ON "active_storage_blobs"."id" = "active_storage_attachments"."blob_id" WHERE "user_files"."user_id" = 3[0m
  ↳ app/controllers/files_controller.rb:29:in `index'
Completed 200 OK in 13ms (Views: 0.2ms | ActiveRecord: 0.9ms (5 queries, 1 cached) | GC: 0.0ms)


Started POST "/upload" for ::1 at 2025-06-19 11:27:11 +0100
Processing by UploadsController#create as */*
  Parameters: {"file"=>#<ActionDispatch::Http::UploadedFile:0x0000000125dee380 @tempfile=#<Tempfile:/var/folders/_n/4bpq80q94jj0t8ykyyh21gr00000gn/T/RackMultipart20250619-20890-ys0xeu.csv>, @content_type="text/csv", @original_filename="clean_test.csv", @headers="Content-Disposition: form-data; name=\"file\"; filename=\"clean_test.csv\"\r\nContent-Type: text/csv\r\n">}
  [1m[36mUser Load (1.7ms)[0m  [1m[34mSELECT "users".* FROM "users" WHERE "users"."id" = 3 LIMIT 1 /*action='create',application='Snapvault',controller='uploads'*/[0m
  ↳ app/services/authorize_api_request.rb:20:in `user'
Completed 422 Unprocessable Content in 14ms (Views: 0.2ms | ActiveRecord: 1.6ms (1 query, 0 cached) | GC: 0.0ms)


Started GET "/files" for ::1 at 2025-06-19 11:27:11 +0100
Processing by FilesController#index as */*
  [1m[36mUser Load (0.6ms)[0m  [1m[34mSELECT "users".* FROM "users" WHERE "users"."id" = 3 LIMIT 1 /*action='index',application='Snapvault',controller='files'*/[0m
  ↳ app/services/authorize_api_request.rb:20:in `user'
  [1m[36mUserFile Load (0.2ms)[0m  [1m[34mSELECT "user_files".* FROM "user_files" WHERE "user_files"."user_id" = 3 ORDER BY "user_files"."uploaded_at" DESC /*action='index',application='Snapvault',controller='files'*/[0m
  ↳ app/controllers/files_controller.rb:10:in `map'
  [1m[36mUserFile Count (0.1ms)[0m  [1m[34mSELECT COUNT(*) FROM "user_files" WHERE "user_files"."user_id" = 3 /*action='index',application='Snapvault',controller='files'*/[0m
  ↳ app/controllers/files_controller.rb:27:in `index'
  [1m[36mUserFile Sum (0.6ms)[0m  [1m[34mSELECT SUM("user_files"."file_size") FROM "user_files" LEFT OUTER JOIN "active_storage_attachments" ON "active_storage_attachments"."record_type" = 'UserFile' AND "active_storage_attachments"."name" = 'file' AND "active_storage_attachments"."record_id" = "user_files"."id" LEFT OUTER JOIN "active_storage_blobs" ON "active_storage_blobs"."id" = "active_storage_attachments"."blob_id" WHERE "user_files"."user_id" = 3 /*action='index',application='Snapvault',controller='files'*/[0m
  ↳ app/controllers/files_controller.rb:28:in `index'
  [1m[36mCACHE UserFile Sum (0.1ms)[0m  [1m[34mSELECT SUM("user_files"."file_size") FROM "user_files" LEFT OUTER JOIN "active_storage_attachments" ON "active_storage_attachments"."record_type" = 'UserFile' AND "active_storage_attachments"."name" = 'file' AND "active_storage_attachments"."record_id" = "user_files"."id" LEFT OUTER JOIN "active_storage_blobs" ON "active_storage_blobs"."id" = "active_storage_attachments"."blob_id" WHERE "user_files"."user_id" = 3[0m
  ↳ app/controllers/files_controller.rb:29:in `index'
Completed 200 OK in 23ms (Views: 0.2ms | ActiveRecord: 1.5ms (5 queries, 1 cached) | GC: 0.0ms)


